0 silly argv {
0 silly argv   _: [ 'version' ],
0 silly argv   lernaVersion: '8.2.2',
0 silly argv   '$0': 'C:\\Users\\Zeeshah\\AppData\\Roaming\\npm\\node_modules\\lerna\\dist\\cli.js'
0 silly argv }
1 notice cli v8.2.2
2 verbose packageConfigs Resolving packages based on package.json "workspaces" configuration.
3 verbose rootPath D:\Unity Projects\_repos\nakama-sdk\Packages
4 info current version 0.0.0
5 silly isAnythingCommitted
6 verbose isAnythingCommitted 1
7 silly getCurrentBranch
8 verbose currentBranch development
9 silly remoteBranchExists
10 silly isBehindUpstream
11 error Error: Command failed with exit code 1: git remote update
11 error git@github.com: Permission denied (publickey).
11 error fatal: Could not read from remote repository.
11 error
11 error Please make sure you have the correct access rights
11 error and the repository exists.
11 error     at makeError (D:\Unity Projects\_repos\nakama-sdk\Packages\node_modules\execa\lib\error.js:59:11)
11 error     at module.exports.sync (D:\Unity Projects\_repos\nakama-sdk\Packages\node_modules\execa\index.js:186:17)
11 error     at Object.execSync (D:\Unity Projects\_repos\nakama-sdk\Packages\node_modules\lerna\dist\index.js:1579:31)
11 error     at updateRemote (D:\Unity Projects\_repos\nakama-sdk\Packages\node_modules\lerna\dist\index.js:9207:18)
11 error     at isBehindUpstream (D:\Unity Projects\_repos\nakama-sdk\Packages\node_modules\lerna\dist\index.js:9197:3)
11 error     at VersionCommand.initialize (D:\Unity Projects\_repos\nakama-sdk\Packages\node_modules\lerna\dist\index.js:9491:57)
